<?xml version="1.0" encoding="UTF-8"?>
<!-- Generated by org.testng.reporters.JUnitReportReporter -->
<testsuite hostname="Classic" failures="0" tests="4" name="com.qa.PHPTravels.TestLayer.HomePageTest" time="0.082" errors="0" timestamp="2023-02-15T19:39:32 CST" skipped="0">
  <testcase classname="com.qa.PHPTravels.TestLayer.HomePageTest" name="isLoginButtonDisplayedTest" time="0.031"/>
  <system-out/>
  <testcase classname="com.qa.PHPTravels.TestLayer.HomePageTest" name="homePageTitleTest" time="0.004"/>
  <system-out/>
  <testcase classname="com.qa.PHPTravels.TestLayer.HomePageTest" name="homePageHeaderTest" time="0.023"/>
  <system-out/>
  <testcase classname="com.qa.PHPTravels.TestLayer.HomePageTest" name="isSignUpButtonDisplayedTest" time="0.024"/>
  <system-out/>
</testsuite> <!-- com.qa.PHPTravels.TestLayer.HomePageTest -->
