<?xml version="1.0" encoding="UTF-8"?>
<!-- Generated by org.testng.reporters.JUnitReportReporter -->
<testsuite hostname="Classic" failures="0" tests="4" name="com.qa.PHPTravels.TestLayer.HomePageTest" time="0.104" errors="0" timestamp="2023-02-10T12:51:40 CST" skipped="0">
  <testcase classname="com.qa.PHPTravels.TestLayer.HomePageTest" name="isLoginButtonDisplayedTest" time="0.039"/>
  <system-out/>
  <testcase classname="com.qa.PHPTravels.TestLayer.HomePageTest" name="homePageTitleTest" time="0.006"/>
  <system-out/>
  <testcase classname="com.qa.PHPTravels.TestLayer.HomePageTest" name="isSignUpButtonDisplayedTest" time="0.029"/>
  <system-out/>
  <testcase classname="com.qa.PHPTravels.TestLayer.HomePageTest" name="homePageHeaderTest" time="0.030"/>
  <system-out/>
</testsuite> <!-- com.qa.PHPTravels.TestLayer.HomePageTest -->
